<?xml version="1.0" encoding="UTF-8"?>
<coverage generated="1702495033691" clover="3.2.0">
  <project timestamp="1702495033692" name="All files">
    <metrics statements="1" coveredstatements="1" conditionals="1" coveredconditionals="1" methods="2" coveredmethods="2" elements="4" coveredelements="4" complexity="0" loc="1" ncloc="1" packages="1" files="1" classes="1"/>
    <file name="destructuring.js" path="/Users/r.gubin/Desktop/Destructuring/src/destructuring.js">
      <metrics statements="1" coveredstatements="1" conditionals="1" coveredconditionals="1" methods="2" coveredmethods="2"/>
      <line num="2" count="4" type="cond" truecount="1" falsecount="0"/>
    </file>
  </project>
</coverage>
