{"/Users/r.gubin/Desktop/Destructuring/src/destructuring.js": {"path":"/Users/r.gubin/Desktop/Destructuring/src/destructuring.js","statementMap":{"0":{"start":{"line":2,"column":2},"end":{"line":7,"column":6}},"1":{"start":{"line":2,"column":83},"end":{"line":7,"column":3}}},"fnMap":{"0":{"name":"extractAttacks","decl":{"start":{"line":1,"column":9},"end":{"line":1,"column":23}},"loc":{"start":{"line":1,"column":37},"end":{"line":8,"column":1}},"line":1},"1":{"name":"(anonymous_1)","decl":{"start":{"line":2,"column":21},"end":{"line":2,"column":22}},"loc":{"start":{"line":2,"column":83},"end":{"line":7,"column":3}},"line":2}},"branchMap":{"0":{"loc":{"start":{"line":2,"column":34},"end":{"line":2,"column":69}},"type":"default-arg","locations":[{"start":{"line":2,"column":48},"end":{"line":2,"column":69}}],"line":2}},"s":{"0":2,"1":4},"f":{"0":2,"1":4},"b":{"0":[3]},"_coverageSchema":"1a1c01bbd47fc00a2c39e90264f33305004495a9","hash":"7ba6c14e929005455630f750ed0ae020194451c7"}
}
